[01m[Kc++:[m[K [01;31m[Kfatal error: [m[K已杀死 signal terminated program cc1plus
compilation terminated.
gmake[2]: *** [CMakeFiles/nav2_smooth_path_action_bt_node.dir/build.make:76：CMakeFiles/nav2_smooth_path_action_bt_node.dir/plugins/action/smooth_path_action.cpp.o] 错误 1
gmake[1]: *** [CMakeFiles/Makefile2:672：CMakeFiles/nav2_smooth_path_action_bt_node.dir/all] 错误 2
gmake[1]: *** 正在等待未完成的任务....
[01m[Kc++:[m[K [01;31m[Kfatal error: [m[K已杀死 signal terminated program cc1plus
compilation terminated.
gmake[2]: *** [CMakeFiles/nav2_follow_path_action_bt_node.dir/build.make:76：CMakeFiles/nav2_follow_path_action_bt_node.dir/plugins/action/follow_path_action.cpp.o] 错误 1
gmake[1]: *** [CMakeFiles/Makefile2:698：CMakeFiles/nav2_follow_path_action_bt_node.dir/all] 错误 2
[01m[Kc++:[m[K [01;31m[Kfatal error: [m[K已杀死 signal terminated program cc1plus
compilation terminated.
gmake[2]: *** [CMakeFiles/nav2_compute_path_through_poses_action_bt_node.dir/build.make:76：CMakeFiles/nav2_compute_path_through_poses_action_bt_node.dir/plugins/action/compute_path_through_poses_action.cpp.o] 错误 1
gmake[1]: *** [CMakeFiles/Makefile2:490：CMakeFiles/nav2_compute_path_through_poses_action_bt_node.dir/all] 错误 2
[01m[Kc++:[m[K [01;31m[Kfatal error: [m[K已杀死 signal terminated program cc1plus
compilation terminated.
gmake[2]: *** [CMakeFiles/nav2_drive_on_heading_cancel_bt_node.dir/build.make:76：CMakeFiles/nav2_drive_on_heading_cancel_bt_node.dir/plugins/action/drive_on_heading_cancel_node.cpp.o] 错误 1
gmake[1]: *** [CMakeFiles/Makefile2:646：CMakeFiles/nav2_drive_on_heading_cancel_bt_node.dir/all] 错误 2
[01m[Kc++:[m[K [01;31m[Kfatal error: [m[K已杀死 signal terminated program cc1plus
compilation terminated.
gmake[2]: *** [CMakeFiles/nav2_back_up_cancel_bt_node.dir/build.make:76：CMakeFiles/nav2_back_up_cancel_bt_node.dir/plugins/action/back_up_cancel_node.cpp.o] 错误 1
gmake[1]: *** [CMakeFiles/Makefile2:594：CMakeFiles/nav2_back_up_cancel_bt_node.dir/all] 错误 2
[01m[Kc++:[m[K [01;31m[Kfatal error: [m[K已杀死 signal terminated program cc1plus
compilation terminated.
gmake[2]: *** [CMakeFiles/nav2_compute_path_to_pose_action_bt_node.dir/build.make:76：CMakeFiles/nav2_compute_path_to_pose_action_bt_node.dir/plugins/action/compute_path_to_pose_action.cpp.o] 错误 1
gmake[1]: *** [CMakeFiles/Makefile2:464：CMakeFiles/nav2_compute_path_to_pose_action_bt_node.dir/all] 错误 2
gmake: *** [Makefile:146：all] 错误 2
