[01m[Kc++:[m[K [01;31m[Kfatal error: [m[Kå·²æ€æ­» signal terminated program cc1plus
compilation terminated.
gmake[2]: *** [CMakeFiles/nav2_smooth_path_action_bt_node.dir/build.make:76ï¼šCMakeFiles/nav2_smooth_path_action_bt_node.dir/plugins/action/smooth_path_action.cpp.o] é”™è¯¯ 1
gmake[1]: *** [CMakeFiles/Makefile2:672ï¼šCMakeFiles/nav2_smooth_path_action_bt_node.dir/all] é”™è¯¯ 2
gmake[1]: *** æ­£åœ¨ç­‰å¾…æœªå®Œæˆçš„ä»»åŠ¡....
[01m[Kc++:[m[K [01;31m[Kfatal error: [m[Kå·²æ€æ­» signal terminated program cc1plus
compilation terminated.
gmake[2]: *** [CMakeFiles/nav2_follow_path_action_bt_node.dir/build.make:76ï¼šCMakeFiles/nav2_follow_path_action_bt_node.dir/plugins/action/follow_path_action.cpp.o] é”™è¯¯ 1
gmake[1]: *** [CMakeFiles/Makefile2:698ï¼šCMakeFiles/nav2_follow_path_action_bt_node.dir/all] é”™è¯¯ 2
[01m[Kc++:[m[K [01;31m[Kfatal error: [m[Kå·²æ€æ­» signal terminated program cc1plus
compilation terminated.
gmake[2]: *** [CMakeFiles/nav2_compute_path_through_poses_action_bt_node.dir/build.make:76ï¼šCMakeFiles/nav2_compute_path_through_poses_action_bt_node.dir/plugins/action/compute_path_through_poses_action.cpp.o] é”™è¯¯ 1
gmake[1]: *** [CMakeFiles/Makefile2:490ï¼šCMakeFiles/nav2_compute_path_through_poses_action_bt_node.dir/all] é”™è¯¯ 2
[01m[Kc++:[m[K [01;31m[Kfatal error: [m[Kå·²æ€æ­» signal terminated program cc1plus
compilation terminated.
gmake[2]: *** [CMakeFiles/nav2_drive_on_heading_cancel_bt_node.dir/build.make:76ï¼šCMakeFiles/nav2_drive_on_heading_cancel_bt_node.dir/plugins/action/drive_on_heading_cancel_node.cpp.o] é”™è¯¯ 1
gmake[1]: *** [CMakeFiles/Makefile2:646ï¼šCMakeFiles/nav2_drive_on_heading_cancel_bt_node.dir/all] é”™è¯¯ 2
[01m[Kc++:[m[K [01;31m[Kfatal error: [m[Kå·²æ€æ­» signal terminated program cc1plus
compilation terminated.
gmake[2]: *** [CMakeFiles/nav2_back_up_cancel_bt_node.dir/build.make:76ï¼šCMakeFiles/nav2_back_up_cancel_bt_node.dir/plugins/action/back_up_cancel_node.cpp.o] é”™è¯¯ 1
gmake[1]: *** [CMakeFiles/Makefile2:594ï¼šCMakeFiles/nav2_back_up_cancel_bt_node.dir/all] é”™è¯¯ 2
[01m[Kc++:[m[K [01;31m[Kfatal error: [m[Kå·²æ€æ­» signal terminated program cc1plus
compilation terminated.
gmake[2]: *** [CMakeFiles/nav2_compute_path_to_pose_action_bt_node.dir/build.make:76ï¼šCMakeFiles/nav2_compute_path_to_pose_action_bt_node.dir/plugins/action/compute_path_to_pose_action.cpp.o] é”™è¯¯ 1
gmake[1]: *** [CMakeFiles/Makefile2:464ï¼šCMakeFiles/nav2_compute_path_to_pose_action_bt_node.dir/all] é”™è¯¯ 2
gmake: *** [Makefile:146ï¼šall] é”™è¯¯ 2
