[0.043s] Invoking command in '/home/nagisa/fishbot_ws/build/nav2_behavior_tree': AMENT_PREFIX_PATH=/home/nagisa/fishbot_ws/install/nav2_util:/home/nagisa/fishbot_ws/install/nav2_msgs:/home/nagisa/fishbot_ws/install/nav2_common:${AMENT_PREFIX_PATH} CMAKE_PREFIX_PATH=/home/nagisa/fishbot_ws/install/nav2_util:/home/nagisa/fishbot_ws/install/nav2_msgs:/home/nagisa/fishbot_ws/install/nav2_common:/opt/ros/humble LD_LIBRARY_PATH=/home/nagisa/fishbot_ws/install/nav2_util/lib:/home/nagisa/fishbot_ws/install/nav2_msgs/lib:${LD_LIBRARY_PATH} PYTHONPATH=/home/nagisa/fishbot_ws/install/nav2_msgs/local/lib/python3.10/dist-packages:/home/nagisa/fishbot_ws/install/nav2_common/local/lib/python3.10/dist-packages:${PYTHONPATH} /usr/bin/cmake --build /home/nagisa/fishbot_ws/build/nav2_behavior_tree -- -j12 -l12
[0.172s] [  1%] [32mBuilding CXX object CMakeFiles/nav2_behavior_tree.dir/src/behavior_tree_engine.cpp.o[0m
[0.172s] [  2%] [32mBuilding CXX object CMakeFiles/nav2_compute_path_to_pose_action_bt_node.dir/plugins/action/compute_path_to_pose_action.cpp.o[0m
[0.177s] [  3%] [32mBuilding CXX object CMakeFiles/nav2_back_up_cancel_bt_node.dir/plugins/action/back_up_cancel_node.cpp.o[0m
[0.183s] [  4%] [32mBuilding CXX object CMakeFiles/nav2_spin_cancel_bt_node.dir/plugins/action/spin_cancel_node.cpp.o[0m
[0.187s] [  5%] [32mBuilding CXX object CMakeFiles/nav2_controller_cancel_bt_node.dir/plugins/action/controller_cancel_node.cpp.o[0m
[0.205s] [  6%] [32mBuilding CXX object CMakeFiles/nav2_wait_cancel_bt_node.dir/plugins/action/wait_cancel_node.cpp.o[0m
[0.209s] [  7%] [32mBuilding CXX object CMakeFiles/nav2_compute_path_through_poses_action_bt_node.dir/plugins/action/compute_path_through_poses_action.cpp.o[0m
[0.218s] [  7%] [32mBuilding CXX object CMakeFiles/nav2_drive_on_heading_cancel_bt_node.dir/plugins/action/drive_on_heading_cancel_node.cpp.o[0m
[0.221s] [  8%] [32mBuilding CXX object CMakeFiles/nav2_assisted_teleop_cancel_bt_node.dir/plugins/action/assisted_teleop_cancel_node.cpp.o[0m
[1.274s] [  9%] [32mBuilding CXX object CMakeFiles/nav2_follow_path_action_bt_node.dir/plugins/action/follow_path_action.cpp.o[0m
[1.277s] [  9%] [32mBuilding CXX object CMakeFiles/nav2_back_up_action_bt_node.dir/plugins/action/back_up_action.cpp.o[0m
[1.338s] [  9%] [32mBuilding CXX object CMakeFiles/nav2_smooth_path_action_bt_node.dir/plugins/action/smooth_path_action.cpp.o[0m
[37.813s] [01m[Kc++:[m[K [01;31m[Kfatal error: [m[Kå·²æ€æ­» signal terminated program cc1plus
[37.839s] compilation terminated.
[37.841s] gmake[2]: *** [CMakeFiles/nav2_smooth_path_action_bt_node.dir/build.make:76ï¼šCMakeFiles/nav2_smooth_path_action_bt_node.dir/plugins/action/smooth_path_action.cpp.o] é”™è¯¯ 1
[37.841s] gmake[1]: *** [CMakeFiles/Makefile2:672ï¼šCMakeFiles/nav2_smooth_path_action_bt_node.dir/all] é”™è¯¯ 2
[37.841s] gmake[1]: *** æ­£åœ¨ç­‰å¾…æœªå®Œæˆçš„ä»»åŠ¡....
[45.047s] [01m[Kc++:[m[K [01;31m[Kfatal error: [m[Kå·²æ€æ­» signal terminated program cc1plus
[45.213s] compilation terminated.
[45.350s] gmake[2]: *** [CMakeFiles/nav2_follow_path_action_bt_node.dir/build.make:76ï¼šCMakeFiles/nav2_follow_path_action_bt_node.dir/plugins/action/follow_path_action.cpp.o] é”™è¯¯ 1
[45.613s] gmake[1]: *** [CMakeFiles/Makefile2:698ï¼šCMakeFiles/nav2_follow_path_action_bt_node.dir/all] é”™è¯¯ 2
[59.799s] [01m[Kc++:[m[K [01;31m[Kfatal error: [m[Kå·²æ€æ­» signal terminated program cc1plus
[59.804s] compilation terminated.
[59.821s] gmake[2]: *** [CMakeFiles/nav2_compute_path_through_poses_action_bt_node.dir/build.make:76ï¼šCMakeFiles/nav2_compute_path_through_poses_action_bt_node.dir/plugins/action/compute_path_through_poses_action.cpp.o] é”™è¯¯ 1
[59.833s] gmake[1]: *** [CMakeFiles/Makefile2:490ï¼šCMakeFiles/nav2_compute_path_through_poses_action_bt_node.dir/all] é”™è¯¯ 2
[87.299s] [01m[Kc++:[m[K [01;31m[Kfatal error: [m[Kå·²æ€æ­» signal terminated program cc1plus
[87.321s] compilation terminated.
[87.324s] gmake[2]: *** [CMakeFiles/nav2_drive_on_heading_cancel_bt_node.dir/build.make:76ï¼šCMakeFiles/nav2_drive_on_heading_cancel_bt_node.dir/plugins/action/drive_on_heading_cancel_node.cpp.o] é”™è¯¯ 1
[87.324s] gmake[1]: *** [CMakeFiles/Makefile2:646ï¼šCMakeFiles/nav2_drive_on_heading_cancel_bt_node.dir/all] é”™è¯¯ 2
[103.508s] [01m[Kc++:[m[K [01;31m[Kfatal error: [m[Kå·²æ€æ­» signal terminated program cc1plus
[103.511s] compilation terminated.
[103.531s] gmake[2]: *** [CMakeFiles/nav2_back_up_cancel_bt_node.dir/build.make:76ï¼šCMakeFiles/nav2_back_up_cancel_bt_node.dir/plugins/action/back_up_cancel_node.cpp.o] é”™è¯¯ 1
[103.551s] gmake[1]: *** [CMakeFiles/Makefile2:594ï¼šCMakeFiles/nav2_back_up_cancel_bt_node.dir/all] é”™è¯¯ 2
[146.689s] [01m[Kc++:[m[K [01;31m[Kfatal error: [m[Kå·²æ€æ­» signal terminated program cc1plus
[146.692s] compilation terminated.
[146.693s] gmake[2]: *** [CMakeFiles/nav2_compute_path_to_pose_action_bt_node.dir/build.make:76ï¼šCMakeFiles/nav2_compute_path_to_pose_action_bt_node.dir/plugins/action/compute_path_to_pose_action.cpp.o] é”™è¯¯ 1
[146.721s] gmake[1]: *** [CMakeFiles/Makefile2:464ï¼šCMakeFiles/nav2_compute_path_to_pose_action_bt_node.dir/all] é”™è¯¯ 2
[179.467s] [  9%] [32m[1mLinking CXX shared library libnav2_assisted_teleop_cancel_bt_node.so[0m
[180.031s] [  9%] Built target nav2_assisted_teleop_cancel_bt_node
[189.647s] [  9%] [32m[1mLinking CXX shared library libnav2_behavior_tree.so[0m
[190.407s] [  9%] Built target nav2_behavior_tree
[325.252s] [  9%] [32m[1mLinking CXX shared library libnav2_controller_cancel_bt_node.so[0m
[325.673s] [  9%] Built target nav2_controller_cancel_bt_node
[328.169s] [  9%] [32m[1mLinking CXX shared library libnav2_spin_cancel_bt_node.so[0m
[328.366s] [  9%] Built target nav2_spin_cancel_bt_node
[328.369s] [  9%] [32m[1mLinking CXX shared library libnav2_wait_cancel_bt_node.so[0m
[328.551s] [  9%] Built target nav2_wait_cancel_bt_node
[334.890s] [  9%] [32m[1mLinking CXX shared library libnav2_back_up_action_bt_node.so[0m
[335.088s] [  9%] Built target nav2_back_up_action_bt_node
[335.124s] gmake: *** [Makefile:146ï¼šall] é”™è¯¯ 2
[335.377s] Invoked command in '/home/nagisa/fishbot_ws/build/nav2_behavior_tree' returned '2': AMENT_PREFIX_PATH=/home/nagisa/fishbot_ws/install/nav2_util:/home/nagisa/fishbot_ws/install/nav2_msgs:/home/nagisa/fishbot_ws/install/nav2_common:${AMENT_PREFIX_PATH} CMAKE_PREFIX_PATH=/home/nagisa/fishbot_ws/install/nav2_util:/home/nagisa/fishbot_ws/install/nav2_msgs:/home/nagisa/fishbot_ws/install/nav2_common:/opt/ros/humble LD_LIBRARY_PATH=/home/nagisa/fishbot_ws/install/nav2_util/lib:/home/nagisa/fishbot_ws/install/nav2_msgs/lib:${LD_LIBRARY_PATH} PYTHONPATH=/home/nagisa/fishbot_ws/install/nav2_msgs/local/lib/python3.10/dist-packages:/home/nagisa/fishbot_ws/install/nav2_common/local/lib/python3.10/dist-packages:${PYTHONPATH} /usr/bin/cmake --build /home/nagisa/fishbot_ws/build/nav2_behavior_tree -- -j12 -l12
