[0.026s] Invoking command in '/home/nagisa/candpy_ws/build/cpp_pkg': CMAKE_PREFIX_PATH=/opt/ros/humble /usr/bin/cmake --build /home/nagisa/candpy_ws/build/cpp_pkg -- -j12 -l12
[0.107s] -- Found ament_cmake: 1.3.10 (/opt/ros/humble/share/ament_cmake/cmake)
[0.272s] -- Found rclcpp: 16.0.10 (/opt/ros/humble/share/rclcpp/cmake)
[0.331s] -- Found rosidl_generator_c: 3.1.5 (/opt/ros/humble/share/rosidl_generator_c/cmake)
[0.336s] -- Found rosidl_adapter: 3.1.5 (/opt/ros/humble/share/rosidl_adapter/cmake)
[0.351s] -- Found rosidl_generator_cpp: 3.1.5 (/opt/ros/humble/share/rosidl_generator_cpp/cmake)
[0.374s] -- Using all available rosidl_typesupport_c: rosidl_typesupport_fastrtps_c;rosidl_typesupport_introspection_c
[0.398s] -- Using all available rosidl_typesupport_cpp: rosidl_typesupport_fastrtps_cpp;rosidl_typesupport_introspection_cpp
[0.464s] -- Found rmw_implementation_cmake: 6.1.2 (/opt/ros/humble/share/rmw_implementation_cmake/cmake)
[0.468s] -- Found rmw_fastrtps_cpp: 6.2.7 (/opt/ros/humble/share/rmw_fastrtps_cpp/cmake)
[0.607s] -- Using RMW implementation 'rmw_fastrtps_cpp' as default
[0.710s] -- Found ament_lint_auto: 0.12.11 (/opt/ros/humble/share/ament_lint_auto/cmake)
[0.791s] -- Added test 'cppcheck' to perform static code analysis on C / C++ code
[0.791s] -- Configured cppcheck include dirs: 
[0.791s] -- Configured cppcheck exclude dirs and/or files: 
[0.793s] -- Added test 'lint_cmake' to check CMake code style
[0.794s] -- Added test 'uncrustify' to check C / C++ code style
[0.794s] -- Configured uncrustify additional arguments: 
[0.795s] -- Added test 'xmllint' to check XML markup files
[0.799s] -- Configuring done
[0.822s] -- Generating done
[0.824s] -- Build files have been written to: /home/nagisa/candpy_ws/build/cpp_pkg
[0.855s] [35m[1mConsolidate compiler generated dependencies of target tx_qq_node[0m
[0.855s] [35m[1mConsolidate compiler generated dependencies of target qq_node[0m
[0.864s] [ 16%] [32mBuilding CXX object CMakeFiles/node_template_node.dir/src/node_template_node.cpp.o[0m
[0.891s] [ 50%] [32mBuilding CXX object CMakeFiles/qq_node.dir/src/qq_node.cpp.o[0m
[0.891s] [ 66%] Built target tx_qq_node
[3.080s] [01m[K/home/nagisa/candpy_ws/src/cpp_pkg/src/node_template_node.cpp:[m[K In function ‚Äò[01m[Kint main(int, char**)[m[K‚Äô:
[3.080s] [01m[K/home/nagisa/candpy_ws/src/cpp_pkg/src/node_template_node.cpp:61:50:[m[K [01;31m[Kerror: [m[K‚Äò[01m[Kstd_msgs[m[K‚Äô was not declared in this scope
[3.080s]    61 |     auto sub_node = std::make_shared<NodeWrapper<[01;31m[Kstd_msgs[m[K::msg::String>>("sub_node", "mygo", "mygo", false);
[3.081s]       |                                                  [01;31m[K^~~~~~~~[m[K
[3.081s] [01m[K/home/nagisa/candpy_ws/src/cpp_pkg/src/node_template_node.cpp:61:71:[m[K [01;31m[Kerror: [m[Ktemplate argument 1 is invalid
[3.081s]    61 |     auto sub_node = std::make_shared<NodeWrapper<std_msgs::msg::String[01;31m[K>>[m[K("sub_node", "mygo", "mygo", false);
[3.081s]       |                                                                       [01;31m[K^~[m[K
[3.081s] [01m[K/home/nagisa/candpy_ws/src/cpp_pkg/src/node_template_node.cpp:61:26:[m[K [01;31m[Kerror: [m[Kparse error in template argument list
[3.081s]    61 |     auto sub_node = std::[01;31m[Kmake_shared<NodeWrapper<std_msgs::msg::String>>("sub_node", "mygo", "mygo", false)[m[K;
[3.081s]       |                          [01;31m[K^~~~~~~~~~~~~~~~~~~~~~~~~~~~~~~~~~~~~~~~~~~~~~~~~~~~~~~~~~~~~~~~~~~~~~~~~~~~~~~~~~[m[K
[3.081s] [01m[K/home/nagisa/candpy_ws/src/cpp_pkg/src/node_template_node.cpp:61:26:[m[K [01;31m[Kerror: [m[Kunable to deduce ‚Äò[01m[Kauto[m[K‚Äô from ‚Äò[01m[Kmake_shared<<expression error> >[m[K‚Äô
[3.081s] [01m[K/home/nagisa/candpy_ws/src/cpp_pkg/src/node_template_node.cpp:61:26:[m[K [01;36m[Knote: [m[K  couldn‚Äôt deduce template parameter ‚Äò[01m[Kauto[m[K‚Äô
[3.081s] [01m[K/home/nagisa/candpy_ws/src/cpp_pkg/src/node_template_node.cpp:64:26:[m[K [01;31m[Kerror: [m[Kparse error in template argument list
[3.081s]    64 |     auto pub_node = std::[01;31m[Kmake_shared<NodeWrapper<std_msgs::msg::String>>("pub_node", "mygo", "mygo", true)[m[K;
[3.082s]       |                          [01;31m[K^~~~~~~~~~~~~~~~~~~~~~~~~~~~~~~~~~~~~~~~~~~~~~~~~~~~~~~~~~~~~~~~~~~~~~~~~~~~~~~~~[m[K
[3.082s] [01m[K/home/nagisa/candpy_ws/src/cpp_pkg/src/node_template_node.cpp:64:26:[m[K [01;31m[Kerror: [m[Kunable to deduce ‚Äò[01m[Kauto[m[K‚Äô from ‚Äò[01m[Kmake_shared<<expression error> >[m[K‚Äô
[3.082s] [01m[K/home/nagisa/candpy_ws/src/cpp_pkg/src/node_template_node.cpp:64:26:[m[K [01;36m[Knote: [m[K  couldn‚Äôt deduce template parameter ‚Äò[01m[Kauto[m[K‚Äô
[3.082s] [01m[K/home/nagisa/candpy_ws/src/cpp_pkg/src/node_template_node.cpp:68:1:[m[K [01;31m[Kerror: [m[Ka template declaration cannot appear at block scope
[3.082s]    68 | [01;31m[Ktemplate[m[K<typename MessageT>
[3.082s]       | [01;31m[K^~~~~~~~[m[K
[3.082s] [01m[K/home/nagisa/candpy_ws/src/cpp_pkg/src/node_template_node.cpp:122:1:[m[K [01;31m[Kerror: [m[Ka function-definition is not allowed here before ‚Äò[01m[K{[m[K‚Äô token
[3.082s]   122 | [01;31m[K{[m[K
[3.082s]       | [01;31m[K^[m[K
[3.082s] [01m[K/home/nagisa/candpy_ws/src/cpp_pkg/src/node_template_node.cpp:149:5:[m[K [01;31m[Kerror: [m[K‚Äò[01m[Kstd_msgs[m[K‚Äô is not a class, namespace, or enumeration
[3.082s]   149 |     [01;31m[Kstd_msgs[m[K::msg::String msg;
[3.082s]       |     [01;31m[K^~~~~~~~[m[K
[3.082s] [01m[K/home/nagisa/candpy_ws/src/cpp_pkg/src/node_template_node.cpp:150:5:[m[K [01;31m[Kerror: [m[K‚Äò[01m[Kmsg[m[K‚Äô was not declared in this scope
[3.082s]   150 |     [01;31m[Kmsg[m[K.data = "ÊàëÂñúÊ¨¢ mygo!!!!!";
[3.082s]       |     [01;31m[K^~~[m[K
[3.083s] [01m[K/home/nagisa/candpy_ws/src/cpp_pkg/src/node_template_node.cpp:150:5:[m[K [01;36m[Knote: [m[Ksuggested alternatives:
[3.083s] In file included from [01m[K/opt/ros/humble/include/builtin_interfaces/builtin_interfaces/msg/duration.hpp:7[m[K,
[3.083s]                  from [01m[K/opt/ros/humble/include/rclcpp/rclcpp/duration.hpp:20[m[K,
[3.083s]                  from [01m[K/opt/ros/humble/include/rclcpp/rclcpp/qos.hpp:20[m[K,
[3.083s]                  from [01m[K/opt/ros/humble/include/rclcpp/rclcpp/node_interfaces/node_graph_interface.hpp:32[m[K,
[3.083s]                  from [01m[K/opt/ros/humble/include/rclcpp/rclcpp/client.hpp:42[m[K,
[3.083s]                  from [01m[K/opt/ros/humble/include/rclcpp/rclcpp/callback_group.hpp:24[m[K,
[3.083s]                  from [01m[K/opt/ros/humble/include/rclcpp/rclcpp/any_executable.hpp:20[m[K,
[3.083s]                  from [01m[K/opt/ros/humble/include/rclcpp/rclcpp/memory_strategy.hpp:25[m[K,
[3.083s]                  from [01m[K/opt/ros/humble/include/rclcpp/rclcpp/memory_strategies.hpp:18[m[K,
[3.083s]                  from [01m[K/opt/ros/humble/include/rclcpp/rclcpp/executor_options.hpp:20[m[K,
[3.083s]                  from [01m[K/opt/ros/humble/include/rclcpp/rclcpp/executor.hpp:37[m[K,
[3.083s]                  from [01m[K/opt/ros/humble/include/rclcpp/rclcpp/executors/multi_threaded_executor.hpp:25[m[K,
[3.083s]                  from [01m[K/opt/ros/humble/include/rclcpp/rclcpp/executors.hpp:21[m[K,
[3.083s]                  from [01m[K/opt/ros/humble/include/rclcpp/rclcpp/rclcpp.hpp:155[m[K,
[3.083s]                  from [01m[K/home/nagisa/candpy_ws/src/cpp_pkg/src/node_template_node.cpp:1[m[K:
[3.083s] [01m[K/opt/ros/humble/include/builtin_interfaces/builtin_interfaces/msg/detail/duration__struct.hpp:27:11:[m[K [01;36m[Knote: [m[K  ‚Äò[01m[Kbuiltin_interfaces::msg[m[K‚Äô
[3.083s]    27 | namespace [01;36m[Kmsg[m[K
[3.083s]       |           [01;36m[K^~~[m[K
[3.083s] In file included from [01m[K/opt/ros/humble/include/rcl_interfaces/rcl_interfaces/msg/set_parameters_result.hpp:7[m[K,
[3.083s]                  from [01m[K/opt/ros/humble/include/rclcpp/rclcpp/qos_overriding_options.hpp:28[m[K,
[3.084s]                  from [01m[K/opt/ros/humble/include/rclcpp/rclcpp/subscription_options.hpp:30[m[K,
[3.084s]                  from [01m[K/opt/ros/humble/include/rclcpp/rclcpp/subscription.hpp:45[m[K,
[3.084s]                  from [01m[K/opt/ros/humble/include/rclcpp/rclcpp/any_executable.hpp:25[m[K,
[3.084s]                  from [01m[K/opt/ros/humble/include/rclcpp/rclcpp/memory_strategy.hpp:25[m[K,
[3.084s]                  from [01m[K/opt/ros/humble/include/rclcpp/rclcpp/memory_strategies.hpp:18[m[K,
[3.084s]                  from [01m[K/opt/ros/humble/include/rclcpp/rclcpp/executor_options.hpp:20[m[K,
[3.084s]                  from [01m[K/opt/ros/humble/include/rclcpp/rclcpp/executor.hpp:37[m[K,
[3.084s]                  from [01m[K/opt/ros/humble/include/rclcpp/rclcpp/executors/multi_threaded_executor.hpp:25[m[K,
[3.084s]                  from [01m[K/opt/ros/humble/include/rclcpp/rclcpp/executors.hpp:21[m[K,
[3.084s]                  from [01m[K/opt/ros/humble/include/rclcpp/rclcpp/rclcpp.hpp:155[m[K,
[3.084s]                  from [01m[K/home/nagisa/candpy_ws/src/cpp_pkg/src/node_template_node.cpp:1[m[K:
[3.084s] [01m[K/opt/ros/humble/include/rcl_interfaces/rcl_interfaces/msg/detail/set_parameters_result__struct.hpp:27:11:[m[K [01;36m[Knote: [m[K  ‚Äò[01m[Krcl_interfaces::msg[m[K‚Äô
[3.084s]    27 | namespace [01;36m[Kmsg[m[K
[3.084s]       |           [01;36m[K^~~[m[K
[3.084s] In file included from [01m[K/opt/ros/humble/include/statistics_msgs/statistics_msgs/msg/detail/metrics_message__struct.hpp:23[m[K,
[3.084s]                  from [01m[K/opt/ros/humble/include/statistics_msgs/statistics_msgs/msg/metrics_message.hpp:7[m[K,
[3.084s]                  from [01m[K/opt/ros/humble/include/libstatistics_collector/libstatistics_collector/collector/generate_statistics_message.hpp:21[m[K,
[3.084s]                  from [01m[K/opt/ros/humble/include/rclcpp/rclcpp/topic_statistics/subscription_topic_statistics.hpp:23[m[K,
[3.084s]                  from [01m[K/opt/ros/humble/include/rclcpp/rclcpp/subscription.hpp:50[m[K,
[3.084s]                  from [01m[K/opt/ros/humble/include/rclcpp/rclcpp/any_executable.hpp:25[m[K,
[3.084s]                  from [01m[K/opt/ros/humble/include/rclcpp/rclcpp/memory_strategy.hpp:25[m[K,
[3.084s]                  from [01m[K/opt/ros/humble/include/rclcpp/rclcpp/memory_strategies.hpp:18[m[K,
[3.085s]                  from [01m[K/opt/ros/humble/include/rclcpp/rclcpp/executor_options.hpp:20[m[K,
[3.085s]                  from [01m[K/opt/ros/humble/include/rclcpp/rclcpp/executor.hpp:37[m[K,
[3.085s]                  from [01m[K/opt/ros/humble/include/rclcpp/rclcpp/executors/multi_threaded_executor.hpp:25[m[K,
[3.085s]                  from [01m[K/opt/ros/humble/include/rclcpp/rclcpp/executors.hpp:21[m[K,
[3.085s]                  from [01m[K/opt/ros/humble/include/rclcpp/rclcpp/rclcpp.hpp:155[m[K,
[3.085s]                  from [01m[K/home/nagisa/candpy_ws/src/cpp_pkg/src/node_template_node.cpp:1[m[K:
[3.085s] [01m[K/opt/ros/humble/include/statistics_msgs/statistics_msgs/msg/detail/statistic_data_point__struct.hpp:27:11:[m[K [01;36m[Knote: [m[K  ‚Äò[01m[Kstatistics_msgs::msg[m[K‚Äô
[3.085s]    27 | namespace [01;36m[Kmsg[m[K
[3.085s]       |           [01;36m[K^~~[m[K
[3.440s] gmake[2]: *** [CMakeFiles/node_template_node.dir/build.make:76ÔºöCMakeFiles/node_template_node.dir/src/node_template_node.cpp.o] ÈîôËØØ 1
[3.440s] gmake[1]: *** [CMakeFiles/Makefile2:193ÔºöCMakeFiles/node_template_node.dir/all] ÈîôËØØ 2
[3.440s] gmake[1]: *** Ê≠£Âú®Á≠âÂæÖÊú™ÂÆåÊàêÁöÑ‰ªªÂä°....
[4.855s] [ 83%] [32m[1mLinking CXX executable qq_node[0m
[5.168s] [ 83%] Built target qq_node
[5.169s] gmake: *** [Makefile:146Ôºöall] ÈîôËØØ 2
[5.171s] Invoked command in '/home/nagisa/candpy_ws/build/cpp_pkg' returned '2': CMAKE_PREFIX_PATH=/opt/ros/humble /usr/bin/cmake --build /home/nagisa/candpy_ws/build/cpp_pkg -- -j12 -l12
