[0.017s] Invoking command in '/home/nagisa/candpy_ws/build/cpp_pkg': CMAKE_PREFIX_PATH=/opt/ros/humble /usr/bin/cmake --build /home/nagisa/candpy_ws/build/cpp_pkg -- -j12 -l12
[0.041s] -- Found ament_cmake: 1.3.10 (/opt/ros/humble/share/ament_cmake/cmake)
[0.153s] -- Found rclcpp: 16.0.10 (/opt/ros/humble/share/rclcpp/cmake)
[0.177s] -- Found rosidl_generator_c: 3.1.5 (/opt/ros/humble/share/rosidl_generator_c/cmake)
[0.180s] -- Found rosidl_adapter: 3.1.5 (/opt/ros/humble/share/rosidl_adapter/cmake)
[0.185s] -- Found rosidl_generator_cpp: 3.1.5 (/opt/ros/humble/share/rosidl_generator_cpp/cmake)
[0.193s] -- Using all available rosidl_typesupport_c: rosidl_typesupport_fastrtps_c;rosidl_typesupport_introspection_c
[0.204s] -- Using all available rosidl_typesupport_cpp: rosidl_typesupport_fastrtps_cpp;rosidl_typesupport_introspection_cpp
[0.232s] -- Found rmw_implementation_cmake: 6.1.2 (/opt/ros/humble/share/rmw_implementation_cmake/cmake)
[0.234s] -- Found rmw_fastrtps_cpp: 6.2.7 (/opt/ros/humble/share/rmw_fastrtps_cpp/cmake)
[0.324s] -- Using RMW implementation 'rmw_fastrtps_cpp' as default
[0.366s] -- Found ament_lint_auto: 0.12.11 (/opt/ros/humble/share/ament_lint_auto/cmake)
[0.428s] -- Added test 'cppcheck' to perform static code analysis on C / C++ code
[0.428s] -- Configured cppcheck include dirs: 
[0.428s] -- Configured cppcheck exclude dirs and/or files: 
[0.428s] -- Added test 'lint_cmake' to check CMake code style
[0.429s] -- Added test 'uncrustify' to check C / C++ code style
[0.429s] -- Configured uncrustify additional arguments: 
[0.429s] -- Added test 'xmllint' to check XML markup files
[0.431s] -- Configuring done
[0.441s] -- Generating done
[0.443s] -- Build files have been written to: /home/nagisa/candpy_ws/build/cpp_pkg
[0.471s] [35m[1mConsolidate compiler generated dependencies of target qq_node[0m
[0.482s] [ 25%] [32mBuilding CXX object CMakeFiles/tx_qq_node.dir/src/tx_qq_node.cpp.o[0m
[0.489s] [ 75%] Built target qq_node
[0.491s] [01m[K/home/nagisa/candpy_ws/src/cpp_pkg/src/tx_qq_node.cpp:5:10:[m[K [01;31m[Kfatal error: [m[Krclcpp/rclcpp.hpp: æ²¡æœ‰é‚£ä¸ªæ–‡ä»¶æˆ–ç›®å½•
[0.491s]     5 | #include [01;31m[K"rclcpp/rclcpp.hpp"[m[K
[0.491s]       |          [01;31m[K^~~~~~~~~~~~~~~~~~~[m[K
[0.491s] compilation terminated.
[0.492s] gmake[2]: *** [CMakeFiles/tx_qq_node.dir/build.make:76ï¼šCMakeFiles/tx_qq_node.dir/src/tx_qq_node.cpp.o] é”™è¯¯ 1
[0.492s] gmake[1]: *** [CMakeFiles/Makefile2:165ï¼šCMakeFiles/tx_qq_node.dir/all] é”™è¯¯ 2
[0.492s] gmake: *** [Makefile:146ï¼šall] é”™è¯¯ 2
[0.494s] Invoked command in '/home/nagisa/candpy_ws/build/cpp_pkg' returned '2': CMAKE_PREFIX_PATH=/opt/ros/humble /usr/bin/cmake --build /home/nagisa/candpy_ws/build/cpp_pkg -- -j12 -l12
