[35m[1mConsolidate compiler generated dependencies of target node_template_node[0m
[ 33%] Built target qq_node
[ 66%] Built target tx_qq_node
[ 83%] [32mBuilding CXX object CMakeFiles/node_template_node.dir/src/node_template_node.cpp.o[0m
[01m[K/home/nagisa/candpy_ws/src/cpp_pkg/src/node_template_node.cpp:[m[K In function â€˜[01m[Kint main(int, char**)[m[Kâ€™:
[01m[K/home/nagisa/candpy_ws/src/cpp_pkg/src/node_template_node.cpp:66:9:[m[K [01;31m[Kerror: [m[Kâ€˜[01m[Kloop_rate[m[Kâ€™ was not declared in this scope
   66 |         [01;31m[Kloop_rate[m[K.sleep(); // æŒ‰ç…§è®¾å®šçš„é¢‘çŽ‡ä¼‘çœ 
      |         [01;31m[K^~~~~~~~~[m[K
gmake[2]: *** [CMakeFiles/node_template_node.dir/build.make:76ï¼šCMakeFiles/node_template_node.dir/src/node_template_node.cpp.o] é”™è¯¯ 1
gmake[1]: *** [CMakeFiles/Makefile2:193ï¼šCMakeFiles/node_template_node.dir/all] é”™è¯¯ 2
gmake: *** [Makefile:146ï¼šall] é”™è¯¯ 2
