[35m[1mConsolidate compiler generated dependencies of target node_template_node[0m
[35m[1mConsolidate compiler generated dependencies of target qq_node[0m
[ 33%] Built target tx_qq_node
[ 83%] Built target qq_node
[ 66%] [32mBuilding CXX object CMakeFiles/node_template_node.dir/src/node_template_node.cpp.o[0m
[01m[K/home/nagisa/candpy_ws/src/cpp_pkg/src/node_template_node.cpp:[m[K In function â€˜[01m[Kint main(int, char**)[m[Kâ€™:
[01m[K/home/nagisa/candpy_ws/src/cpp_pkg/src/node_template_node.cpp:68:1:[m[K [01;31m[Kerror: [m[Ka template declaration cannot appear at block scope
   68 | [01;31m[Ktemplate[m[K<typename MessageT>
      | [01;31m[K^~~~~~~~[m[K
[01m[K/home/nagisa/candpy_ws/src/cpp_pkg/src/node_template_node.cpp:122:1:[m[K [01;31m[Kerror: [m[Ka function-definition is not allowed here before â€˜[01m[K{[m[Kâ€™ token
  122 | [01;31m[K{[m[K
      | [01;31m[K^[m[K
gmake[2]: *** [CMakeFiles/node_template_node.dir/build.make:76ï¼šCMakeFiles/node_template_node.dir/src/node_template_node.cpp.o] é”™è¯¯ 1
gmake[1]: *** [CMakeFiles/Makefile2:193ï¼šCMakeFiles/node_template_node.dir/all] é”™è¯¯ 2
gmake: *** [Makefile:146ï¼šall] é”™è¯¯ 2
