[0.019s] Invoking command in '/home/nagisa/candpy_ws/build/cpp_pkg': CMAKE_PREFIX_PATH=/opt/ros/humble /usr/bin/cmake --build /home/nagisa/candpy_ws/build/cpp_pkg -- -j12 -l12
[0.062s] [35m[1mConsolidate compiler generated dependencies of target node_template_node[0m
[0.062s] [35m[1mConsolidate compiler generated dependencies of target qq_node[0m
[0.077s] [ 33%] Built target tx_qq_node
[0.080s] [ 83%] Built target qq_node
[0.080s] [ 66%] [32mBuilding CXX object CMakeFiles/node_template_node.dir/src/node_template_node.cpp.o[0m
[2.590s] [01m[K/home/nagisa/candpy_ws/src/cpp_pkg/src/node_template_node.cpp:[m[K In function â€˜[01m[Kint main(int, char**)[m[Kâ€™:
[2.590s] [01m[K/home/nagisa/candpy_ws/src/cpp_pkg/src/node_template_node.cpp:68:1:[m[K [01;31m[Kerror: [m[Ka template declaration cannot appear at block scope
[2.590s]    68 | [01;31m[Ktemplate[m[K<typename MessageT>
[2.590s]       | [01;31m[K^~~~~~~~[m[K
[2.590s] [01m[K/home/nagisa/candpy_ws/src/cpp_pkg/src/node_template_node.cpp:122:1:[m[K [01;31m[Kerror: [m[Ka function-definition is not allowed here before â€˜[01m[K{[m[Kâ€™ token
[2.590s]   122 | [01;31m[K{[m[K
[2.591s]       | [01;31m[K^[m[K
[4.798s] gmake[2]: *** [CMakeFiles/node_template_node.dir/build.make:76ï¼šCMakeFiles/node_template_node.dir/src/node_template_node.cpp.o] é”™è¯¯ 1
[4.799s] gmake[1]: *** [CMakeFiles/Makefile2:193ï¼šCMakeFiles/node_template_node.dir/all] é”™è¯¯ 2
[4.799s] gmake: *** [Makefile:146ï¼šall] é”™è¯¯ 2
[4.803s] Invoked command in '/home/nagisa/candpy_ws/build/cpp_pkg' returned '2': CMAKE_PREFIX_PATH=/opt/ros/humble /usr/bin/cmake --build /home/nagisa/candpy_ws/build/cpp_pkg -- -j12 -l12
